<?xml version="1.0" encoding="UTF-8"?>
<!-- Generated by org.testng.reporters.JUnitReportReporter -->
<testsuite hostname="LAPTOP-D354NA9R" failures="0" tests="1" name="oHRM_LoginFunctionality.OrangeHRMApplicationLoginFunctionalityTest" time="23.670" errors="0" timestamp="2024-05-14T18:00:56 IST" skipped="0">
  <testcase classname="oHRM_LoginFunctionality.OrangeHRMApplicationLoginFunctionalityTest" name="orangeHRMApplicationLoginFunctionalityTest" time="23.670"/>
  <system-out/>
</testsuite> <!-- oHRM_LoginFunctionality.OrangeHRMApplicationLoginFunctionalityTest -->
