<?xml version="1.0" encoding="UTF-8"?>
<!-- Generated by org.testng.reporters.JUnitReportReporter -->
<testsuite hostname="LAPTOP-D354NA9R" failures="0" tests="1" name="com.OHRMEmployeeList.OrangHRMApplication_EmployeeList" time="9.447" errors="0" timestamp="2024-05-14T18:23:32 IST" skipped="0">
  <testcase classname="com.OHRMEmployeeList.OrangHRMApplication_EmployeeList" name="orangeHRMApplication_AddEmployee" time="9.447"/>
  <system-out/>
</testsuite> <!-- com.OHRMEmployeeList.OrangHRMApplication_EmployeeList -->
