<?xml version="1.0" encoding="UTF-8"?>
<!-- Generated by org.testng.reporters.JUnitReportReporter -->
<testsuite hostname="LAPTOP-D354NA9R" failures="0" tests="4" name="com.OHRMApplicationTesting.OrangeHRMApplication_LogInTest" time="9.706" errors="0" timestamp="2024-05-14T11:41:34 IST" skipped="0">
  <testcase classname="com.OHRMApplicationTesting.OrangeHRMApplication_LogInTest" name="orangeHRMApplicationValidation_LogInPage" time="0.085"/>
  <system-out/>
  <testcase classname="com.OHRMApplicationTesting.OrangeHRMApplication_LogInTest" name="orangeHRMApplicationLogInTest" time="3.571"/>
  <system-out/>
  <testcase classname="com.OHRMApplicationTesting.OrangeHRMApplication_LogInTest" name="orangeHRMApplicationValidation_HomePage" time="0.314"/>
  <system-out/>
  <testcase classname="com.OHRMApplicationTesting.OrangeHRMApplication_LogInTest" name="orangeHRMApplication_LogOutTest" time="5.736"/>
  <system-out/>
</testsuite> <!-- com.OHRMApplicationTesting.OrangeHRMApplication_LogInTest -->
