<?xml version="1.0" encoding="UTF-8"?>
<!-- Generated by org.testng.reporters.JUnitReportReporter -->
<testsuite hostname="LAPTOP-D354NA9R" failures="0" tests="1" name="com.OrangeHRMApplicationTestCases.OrangeHRMApplication_AddingEmployeeTest" time="6.421" errors="0" timestamp="2024-05-15T19:02:34 IST" skipped="0">
  <testcase classname="com.OrangeHRMApplicationTestCases.OrangeHRMApplication_AddingEmployeeTest" name="orangeHRMApplication_AddEmployee" time="6.421"/>
  <system-out/>
</testsuite> <!-- com.OrangeHRMApplicationTestCases.OrangeHRMApplication_AddingEmployeeTest -->
