<?xml version="1.0" encoding="UTF-8"?>
<!-- Generated by org.testng.reporters.JUnitReportReporter -->
<testsuite hostname="LAPTOP-D354NA9R" failures="0" tests="1" name="com.OHRM_AddEmployee.OrangeHRMApplication_AddEmployeeTest" time="7.512" errors="0" timestamp="2024-05-14T17:54:49 IST" skipped="0">
  <testcase classname="com.OHRM_AddEmployee.OrangeHRMApplication_AddEmployeeTest" name="orangeHRMApplication_AddEmployee" time="7.512"/>
  <system-out/>
</testsuite> <!-- com.OHRM_AddEmployee.OrangeHRMApplication_AddEmployeeTest -->
