<?xml version="1.0" encoding="UTF-8"?>
<!-- Generated by org.testng.reporters.JUnitReportReporter -->
<testsuite hostname="LAPTOP-D354NA9R" failures="0" tests="1" name="com.WebTable.WebTable_CapturingFirstColumnCityNames1" time="3.990" errors="0" timestamp="2024-05-07T19:06:11 IST" skipped="0">
  <testcase classname="com.WebTable.WebTable_CapturingFirstColumnCityNames1" name="capturingFirstColumnCityNames" time="3.990"/>
  <system-out/>
</testsuite> <!-- com.WebTable.WebTable_CapturingFirstColumnCityNames1 -->
