<?xml version="1.0" encoding="UTF-8"?>
<!-- Generated by org.testng.reporters.JUnitReportReporter -->
<testsuite hostname="LAPTOP-D354NA9R" failures="0" tests="1" name="com.WebTable.WebTable_GetCityName_FirstRowOfFirstCell" time="0.098" errors="0" timestamp="2024-05-07T17:39:29 IST" skipped="0">
  <testcase classname="com.WebTable.WebTable_GetCityName_FirstRowOfFirstCell" name="webTable_getCityName" time="0.098"/>
  <system-out/>
</testsuite> <!-- com.WebTable.WebTable_GetCityName_FirstRowOfFirstCell -->
