<?xml version="1.0" encoding="UTF-8"?>
<!-- Generated by org.testng.reporters.JUnitReportReporter -->
<testsuite hostname="LAPTOP-D354NA9R" failures="0" tests="5" name="com.TestNG.Annotations3" time="0.011" errors="0" timestamp="2024-05-07T17:17:14 IST" skipped="0">
  <testcase classname="com.TestNG.Annotations3" name="LogInTest" time="0.004"/>
  <system-out/>
  <testcase classname="com.TestNG.Annotations3" name="InBoxTest" time="0.003"/>
  <system-out/>
  <testcase classname="com.TestNG.Annotations3" name="composeMailTest" time="0.001"/>
  <system-out/>
  <testcase classname="com.TestNG.Annotations3" name="DraftsMailTest" time="0.001"/>
  <system-out/>
  <testcase classname="com.TestNG.Annotations3" name="sentMailTest" time="0.002"/>
  <system-out/>
</testsuite> <!-- com.TestNG.Annotations3 -->
