<?xml version="1.0" encoding="UTF-8"?>
<!-- Generated by org.testng.reporters.JUnitReportReporter -->
<testsuite hostname="LAPTOP-D354NA9R" failures="0" tests="5" name="com.TestNG.Annotations6" time="0.027" errors="0" timestamp="2024-05-07T17:19:37 IST" skipped="1">
  <testcase classname="com.TestNG.Annotations6" name="LogInTest" time="0.013"/>
  <system-out/>
  <testcase classname="com.TestNG.Annotations6" name="InBoxTest" time="0.002"/>
  <system-out/>
  <testcase classname="com.TestNG.Annotations6" name="composeMailTest" time="0.004"/>
  <system-out/>
  <testcase classname="com.TestNG.Annotations6" name="sentMailTest" time="0.008"/>
  <system-out/>
  <testcase classname="com.TestNG.Annotations6" name="DraftsMailTest">
    <skipped/>
  </testcase> <!-- DraftsMailTest -->
  <system-out/>
</testsuite> <!-- com.TestNG.Annotations6 -->
