<?xml version="1.0" encoding="UTF-8"?>
<!-- Generated by org.testng.reporters.JUnitReportReporter -->
<testsuite hostname="LAPTOP-D354NA9R" failures="0" tests="5" name="com.TestNG.Annotations5" time="0.014" errors="0" timestamp="2024-05-07T17:19:00 IST" skipped="1">
  <testcase classname="com.TestNG.Annotations5" name="LogInTest" time="0.007"/>
  <system-out/>
  <testcase classname="com.TestNG.Annotations5" name="InBoxTest" time="0.002"/>
  <system-out/>
  <testcase classname="com.TestNG.Annotations5" name="composeMailTest" time="0.003"/>
  <system-out/>
  <testcase classname="com.TestNG.Annotations5" name="sentMailTest" time="0.002"/>
  <system-out/>
  <testcase classname="com.TestNG.Annotations5" name="DraftsMailTest">
    <skipped/>
  </testcase> <!-- DraftsMailTest -->
  <system-out/>
</testsuite> <!-- com.TestNG.Annotations5 -->
