<?xml version="1.0" encoding="UTF-8"?>
<!-- Generated by org.testng.reporters.JUnitReportReporter -->
<testsuite hostname="LAPTOP-D354NA9R" failures="0" tests="4" name="com.TestNG.Annotations2" time="0.015" errors="0" timestamp="2024-05-07T17:16:23 IST" skipped="0">
  <testcase classname="com.TestNG.Annotations2" name="LogInTest" time="0.006"/>
  <system-out/>
  <testcase classname="com.TestNG.Annotations2" name="sentMailTest" time="0.001"/>
  <system-out/>
  <testcase classname="com.TestNG.Annotations2" name="DraftsMailTest" time="0.005"/>
  <system-out/>
  <testcase classname="com.TestNG.Annotations2" name="composeMailTest" time="0.003"/>
  <system-out/>
</testsuite> <!-- com.TestNG.Annotations2 -->
