<?xml version="1.0" encoding="UTF-8"?>
<!-- Generated by org.testng.reporters.JUnitReportReporter -->
<testsuite hostname="LAPTOP-D354NA9R" failures="0" tests="1" name="com.WebTable.WebTable_CapturingCompleWebTableData" time="36.576" errors="0" timestamp="2024-05-07T18:53:17 IST" skipped="0">
  <testcase classname="com.WebTable.WebTable_CapturingCompleWebTableData" name="capturingCompleteWebTableData" time="36.576"/>
  <system-out/>
</testsuite> <!-- com.WebTable.WebTable_CapturingCompleWebTableData -->
